<html>
<head>
<title>TestNG:  Surefire test</title>
<link href="../testng.css" rel="stylesheet" type="text/css" />
<link href="../my-testng.css" rel="stylesheet" type="text/css" />

<style type="text/css">
.log { display: none;} 
.stack-trace { display: none;} 
</style>
<script type="text/javascript">
<!--
function flip(e) {
  current = e.style.display;
  if (current == 'block') {
    e.style.display = 'none';
    return 0;
  }
  else {
    e.style.display = 'block';
    return 1;
  }
}

function toggleBox(szDivId, elem, msg1, msg2)
{
  var res = -1;  if (document.getElementById) {
    res = flip(document.getElementById(szDivId));
  }
  else if (document.all) {
    // this is the way old msie versions work
    res = flip(document.all[szDivId]);
  }
  if(elem) {
    if(res == 0) elem.innerHTML = msg1; else elem.innerHTML = msg2;
  }

}

function toggleAllBoxes() {
  if (document.getElementsByTagName) {
    d = document.getElementsByTagName('div');
    for (i = 0; i < d.length; i++) {
      if (d[i].className == 'log') {
        flip(d[i]);
      }
    }
  }
}

// -->
</script>

</head>
<body>
<h2 align='center'>Surefire test</h2><table border='1' align="center">
<tr>
<td>Tests passed/Failed/Skipped:</td><td>0/1/0</td>
</tr><tr>
<td>Started on:</td><td>Wed Jul 02 16:37:22 IST 2025</td>
</tr>
<tr><td>Total time:</td><td>6 seconds (6043 ms)</td>
</tr><tr>
<td>Included groups:</td><td></td>
</tr><tr>
<td>Excluded groups:</td><td></td>
</tr>
</table><p/>
<small><i>(Hover the method name to see the test class name)</i></small><p/>
<table width='100%' border='1' class='invocation-failed'>
<tr><td colspan='4' align='center'><b>FAILED TESTS</b></td></tr>
<tr><td><b>Test method</b></td>
<td><b>Attribute(s)</b></td>
<td width="30%"><b>Exception</b></td>
<td width="10%"><b>Time (seconds)</b></td>
<td><b>Instance</b></td>
</tr>
<tr>
<td title='Weaversweb.test.LoginTest.testValidLogin()'><b>testValidLogin</b><br>Test class: Weaversweb.test.LoginTest</td>
<td><div><pre>com.microsoft.playwright.PlaywrightException: Error {
  message=&apos;value: expected string, got undefined
  name=&apos;Error
  stack=&apos;Error: value: expected string, got undefined
    at tString (/tmp/playwright-java-1917588472083001744/package/lib/protocol/validatorPrimitives.js:58:9)
    at /tmp/playwright-java-1917588472083001744/package/lib/protocol/validatorPrimitives.js:107:21
    at DispatcherConnection.dispatch (/tmp/playwright-java-1917588472083001744/package/lib/server/dispatchers/dispatcher.js:281:21)
    at transport.onmessage (/tmp/playwright-java-1917588472083001744/package/lib/cli/driver.js:52:57)
    at Immediate._onImmediate (/tmp/playwright-java-1917588472083001744/package/lib/protocol/transport.js:77:34)
    at process.processImmediate (node:internal/timers:478:21)
}
	at com.microsoft.playwright.impl.WaitableResult.get(WaitableResult.java:56)
	at com.microsoft.playwright.impl.ChannelOwner.runUntil(ChannelOwner.java:120)
	at com.microsoft.playwright.impl.Connection.sendMessage(Connection.java:130)
	at com.microsoft.playwright.impl.ChannelOwner.sendMessage(ChannelOwner.java:106)
	at com.microsoft.playwright.impl.FrameImpl.fillImpl(FrameImpl.java:335)
	at com.microsoft.playwright.impl.FrameImpl.lambda$fill$14(FrameImpl.java:325)
	at com.microsoft.playwright.impl.LoggingSupport.lambda$withLogging$0(LoggingSupport.java:36)
	at com.microsoft.playwright.impl.LoggingSupport.withLogging(LoggingSupport.java:47)
	at com.microsoft.playwright.impl.ChannelOwner.withLogging(ChannelOwner.java:89)
	at com.microsoft.playwright.impl.LoggingSupport.withLogging(LoggingSupport.java:35)
	at com.microsoft.playwright.impl.FrameImpl.fill(FrameImpl.java:325)
	at com.microsoft.playwright.impl.LocatorImpl.fill(LocatorImpl.java:235)
	at com.microsoft.playwright.Locator.fill(Locator.java:3054)
	at com.Weaversweb.base.BasePage.fill(BasePage.java:34)
	at com.Weaversweb.pages.LoginPage.enterUsername(LoginPage.java:26)
	at com.Weaversweb.pages.LoginPage.login(LoginPage.java:43)
	at Weaversweb.test.LoginTest.testValidLogin(LoginTest.java:21)
	at java.base/java.util.ArrayList.forEach(ArrayList.java:1597)
Caused by: com.microsoft.playwright.impl.DriverException: Error {
  message=&apos;value: expected string, got undefined
  name=&apos;Error
  stack=&apos;Error: value: expected string, got undefined
    at tString (/tmp/playwright-java-1917588472083001744/package/lib/protocol/validatorPrimitives.js:58:9)
    at /tmp/playwright-java-1917588472083001744/package/lib/protocol/validatorPrimitives.js:107:21
    at DispatcherConnection.dispatch (/tmp/playwright-java-1917588472083001744/package/lib/server/dispatchers/dispatcher.js:281:21)
    at transport.onmessage (/tmp/playwright-java-1917588472083001744/package/lib/cli/driver.js:52:57)
    at Immediate._onImmediate (/tmp/playwright-java-1917588472083001744/package/lib/protocol/transport.js:77:34)
    at process.processImmediate (node:internal/timers:478:21)
}
	at com.microsoft.playwright.impl.Connection.dispatch(Connection.java:259)
	at com.microsoft.playwright.impl.Connection.processOneMessage(Connection.java:211)
	at com.microsoft.playwright.impl.ChannelOwner.runUntil(ChannelOwner.java:118)
	... 46 more
... Removed 30 stack frames</pre></div><a href='#' onClick='toggleBox("stack-trace1721045976", this, "Click to show all stack frames", "Click to hide stack frames")'>Click to show all stack frames</a>
<div class='stack-trace' id='stack-trace1721045976'><pre>com.microsoft.playwright.PlaywrightException: Error {
  message=&apos;value: expected string, got undefined
  name=&apos;Error
  stack=&apos;Error: value: expected string, got undefined
    at tString (/tmp/playwright-java-1917588472083001744/package/lib/protocol/validatorPrimitives.js:58:9)
    at /tmp/playwright-java-1917588472083001744/package/lib/protocol/validatorPrimitives.js:107:21
    at DispatcherConnection.dispatch (/tmp/playwright-java-1917588472083001744/package/lib/server/dispatchers/dispatcher.js:281:21)
    at transport.onmessage (/tmp/playwright-java-1917588472083001744/package/lib/cli/driver.js:52:57)
    at Immediate._onImmediate (/tmp/playwright-java-1917588472083001744/package/lib/protocol/transport.js:77:34)
    at process.processImmediate (node:internal/timers:478:21)
}
	at com.microsoft.playwright.impl.WaitableResult.get(WaitableResult.java:56)
	at com.microsoft.playwright.impl.ChannelOwner.runUntil(ChannelOwner.java:120)
	at com.microsoft.playwright.impl.Connection.sendMessage(Connection.java:130)
	at com.microsoft.playwright.impl.ChannelOwner.sendMessage(ChannelOwner.java:106)
	at com.microsoft.playwright.impl.FrameImpl.fillImpl(FrameImpl.java:335)
	at com.microsoft.playwright.impl.FrameImpl.lambda$fill$14(FrameImpl.java:325)
	at com.microsoft.playwright.impl.LoggingSupport.lambda$withLogging$0(LoggingSupport.java:36)
	at com.microsoft.playwright.impl.LoggingSupport.withLogging(LoggingSupport.java:47)
	at com.microsoft.playwright.impl.ChannelOwner.withLogging(ChannelOwner.java:89)
	at com.microsoft.playwright.impl.LoggingSupport.withLogging(LoggingSupport.java:35)
	at com.microsoft.playwright.impl.FrameImpl.fill(FrameImpl.java:325)
	at com.microsoft.playwright.impl.LocatorImpl.fill(LocatorImpl.java:235)
	at com.microsoft.playwright.Locator.fill(Locator.java:3054)
	at com.Weaversweb.base.BasePage.fill(BasePage.java:34)
	at com.Weaversweb.pages.LoginPage.enterUsername(LoginPage.java:26)
	at com.Weaversweb.pages.LoginPage.login(LoginPage.java:43)
	at Weaversweb.test.LoginTest.testValidLogin(LoginTest.java:21)
	at java.base/jdk.internal.reflect.DirectMethodHandleAccessor.invoke(DirectMethodHandleAccessor.java:103)
	at java.base/java.lang.reflect.Method.invoke(Method.java:580)
	at org.testng.internal.invokers.MethodInvocationHelper.invokeMethod(MethodInvocationHelper.java:141)
	at org.testng.internal.invokers.TestInvoker.invokeMethod(TestInvoker.java:687)
	at org.testng.internal.invokers.TestInvoker.invokeTestMethod(TestInvoker.java:230)
	at org.testng.internal.invokers.MethodRunner.runInSequence(MethodRunner.java:63)
	at org.testng.internal.invokers.TestInvoker$MethodInvocationAgent.invoke(TestInvoker.java:995)
	at org.testng.internal.invokers.TestInvoker.invokeTestMethods(TestInvoker.java:203)
	at org.testng.internal.invokers.TestMethodWorker.invokeTestMethods(TestMethodWorker.java:154)
	at org.testng.internal.invokers.TestMethodWorker.run(TestMethodWorker.java:134)
	at java.base/java.util.ArrayList.forEach(ArrayList.java:1597)
	at org.testng.TestRunner.privateRun(TestRunner.java:741)
	at org.testng.TestRunner.run(TestRunner.java:616)
	at org.testng.SuiteRunner.runTest(SuiteRunner.java:421)
	at org.testng.SuiteRunner.runSequentially(SuiteRunner.java:413)
	at org.testng.SuiteRunner.privateRun(SuiteRunner.java:373)
	at org.testng.SuiteRunner.run(SuiteRunner.java:312)
	at org.testng.SuiteRunnerWorker.runSuite(SuiteRunnerWorker.java:52)
	at org.testng.SuiteRunnerWorker.run(SuiteRunnerWorker.java:95)
	at org.testng.TestNG.runSuitesSequentially(TestNG.java:1274)
	at org.testng.TestNG.runSuitesLocally(TestNG.java:1208)
	at org.testng.TestNG.runSuites(TestNG.java:1112)
	at org.testng.TestNG.run(TestNG.java:1079)
	at org.apache.maven.surefire.testng.TestNGExecutor.run(TestNGExecutor.java:155)
	at org.apache.maven.surefire.testng.TestNGDirectoryTestSuite.executeSingleClass(TestNGDirectoryTestSuite.java:102)
	at org.apache.maven.surefire.testng.TestNGDirectoryTestSuite.execute(TestNGDirectoryTestSuite.java:91)
	at org.apache.maven.surefire.testng.TestNGProvider.invoke(TestNGProvider.java:137)
	at org.apache.maven.surefire.booter.ForkedBooter.runSuitesInProcess(ForkedBooter.java:385)
	at org.apache.maven.surefire.booter.ForkedBooter.execute(ForkedBooter.java:162)
	at org.apache.maven.surefire.booter.ForkedBooter.run(ForkedBooter.java:507)
	at org.apache.maven.surefire.booter.ForkedBooter.main(ForkedBooter.java:495)
Caused by: com.microsoft.playwright.impl.DriverException: Error {
  message=&apos;value: expected string, got undefined
  name=&apos;Error
  stack=&apos;Error: value: expected string, got undefined
    at tString (/tmp/playwright-java-1917588472083001744/package/lib/protocol/validatorPrimitives.js:58:9)
    at /tmp/playwright-java-1917588472083001744/package/lib/protocol/validatorPrimitives.js:107:21
    at DispatcherConnection.dispatch (/tmp/playwright-java-1917588472083001744/package/lib/server/dispatchers/dispatcher.js:281:21)
    at transport.onmessage (/tmp/playwright-java-1917588472083001744/package/lib/cli/driver.js:52:57)
    at Immediate._onImmediate (/tmp/playwright-java-1917588472083001744/package/lib/protocol/transport.js:77:34)
    at process.processImmediate (node:internal/timers:478:21)
}
	at com.microsoft.playwright.impl.Connection.dispatch(Connection.java:259)
	at com.microsoft.playwright.impl.Connection.processOneMessage(Connection.java:211)
	at com.microsoft.playwright.impl.ChannelOwner.runUntil(ChannelOwner.java:118)
	... 46 more
</pre></div></td>
<td>0</td>
<td>Weaversweb.test.LoginTest@1a0dcaa</td></tr>
</table><p>
</body>
</html>