<?xml version="1.0" encoding="UTF-8"?>
<testng-results ignored="0" total="1" passed="0" failed="1" skipped="0">
  <reporter-output>
  </reporter-output>
  <suite started-at="2025-07-02T16:37:22 IST" name="Surefire suite" finished-at="2025-07-02T16:37:28 IST" duration-ms="6043">
    <groups>
    </groups>
    <test started-at="2025-07-02T16:37:22 IST" name="Surefire test" finished-at="2025-07-02T16:37:28 IST" duration-ms="6043">
      <class name="Weaversweb.test.LoginTest">
        <test-method is-config="true" signature="setup()[pri:0, instance:Weaversweb.test.LoginTest@1a0dcaa]" started-at="2025-07-02T16:37:22 IST" name="setup" finished-at="2025-07-02T16:37:27 IST" duration-ms="4706" status="PASS">
          <reporter-output>
          </reporter-output>
        </test-method> <!-- setup -->
        <test-method signature="testValidLogin()[pri:0, instance:Weaversweb.test.LoginTest@1a0dcaa]" started-at="2025-07-02T16:37:27 IST" name="testValidLogin" finished-at="2025-07-02T16:37:28 IST" duration-ms="861" status="FAIL">
          <exception class="com.microsoft.playwright.PlaywrightException">
            <message>
              <![CDATA[Error {
  message='value: expected string, got undefined
  name='Error
  stack='Error: value: expected string, got undefined
    at tString (/tmp/playwright-java-1917588472083001744/package/lib/protocol/validatorPrimitives.js:58:9)
    at /tmp/playwright-java-1917588472083001744/package/lib/protocol/validatorPrimitives.js:107:21
    at DispatcherConnection.dispatch (/tmp/playwright-java-1917588472083001744/package/lib/server/dispatchers/dispatcher.js:281:21)
    at transport.onmessage (/tmp/playwright-java-1917588472083001744/package/lib/cli/driver.js:52:57)
    at Immediate._onImmediate (/tmp/playwright-java-1917588472083001744/package/lib/protocol/transport.js:77:34)
    at process.processImmediate (node:internal/timers:478:21)
}]]>
            </message>
            <full-stacktrace>
              <![CDATA[com.microsoft.playwright.PlaywrightException: Error {
  message='value: expected string, got undefined
  name='Error
  stack='Error: value: expected string, got undefined
    at tString (/tmp/playwright-java-1917588472083001744/package/lib/protocol/validatorPrimitives.js:58:9)
    at /tmp/playwright-java-1917588472083001744/package/lib/protocol/validatorPrimitives.js:107:21
    at DispatcherConnection.dispatch (/tmp/playwright-java-1917588472083001744/package/lib/server/dispatchers/dispatcher.js:281:21)
    at transport.onmessage (/tmp/playwright-java-1917588472083001744/package/lib/cli/driver.js:52:57)
    at Immediate._onImmediate (/tmp/playwright-java-1917588472083001744/package/lib/protocol/transport.js:77:34)
    at process.processImmediate (node:internal/timers:478:21)
}
at com.microsoft.playwright.impl.WaitableResult.get(WaitableResult.java:56)
at com.microsoft.playwright.impl.ChannelOwner.runUntil(ChannelOwner.java:120)
at com.microsoft.playwright.impl.Connection.sendMessage(Connection.java:130)
at com.microsoft.playwright.impl.ChannelOwner.sendMessage(ChannelOwner.java:106)
at com.microsoft.playwright.impl.FrameImpl.fillImpl(FrameImpl.java:335)
at com.microsoft.playwright.impl.FrameImpl.lambda$fill$14(FrameImpl.java:325)
at com.microsoft.playwright.impl.LoggingSupport.lambda$withLogging$0(LoggingSupport.java:36)
at com.microsoft.playwright.impl.LoggingSupport.withLogging(LoggingSupport.java:47)
at com.microsoft.playwright.impl.ChannelOwner.withLogging(ChannelOwner.java:89)
at com.microsoft.playwright.impl.LoggingSupport.withLogging(LoggingSupport.java:35)
at com.microsoft.playwright.impl.FrameImpl.fill(FrameImpl.java:325)
at com.microsoft.playwright.impl.LocatorImpl.fill(LocatorImpl.java:235)
at com.microsoft.playwright.Locator.fill(Locator.java:3054)
at com.Weaversweb.base.BasePage.fill(BasePage.java:34)
at com.Weaversweb.pages.LoginPage.enterUsername(LoginPage.java:26)
at com.Weaversweb.pages.LoginPage.login(LoginPage.java:43)
at Weaversweb.test.LoginTest.testValidLogin(LoginTest.java:21)
at java.base/jdk.internal.reflect.DirectMethodHandleAccessor.invoke(DirectMethodHandleAccessor.java:103)
at java.base/java.lang.reflect.Method.invoke(Method.java:580)
at org.testng.internal.invokers.MethodInvocationHelper.invokeMethod(MethodInvocationHelper.java:141)
at org.testng.internal.invokers.TestInvoker.invokeMethod(TestInvoker.java:687)
at org.testng.internal.invokers.TestInvoker.invokeTestMethod(TestInvoker.java:230)
at org.testng.internal.invokers.MethodRunner.runInSequence(MethodRunner.java:63)
at org.testng.internal.invokers.TestInvoker$MethodInvocationAgent.invoke(TestInvoker.java:995)
at org.testng.internal.invokers.TestInvoker.invokeTestMethods(TestInvoker.java:203)
at org.testng.internal.invokers.TestMethodWorker.invokeTestMethods(TestMethodWorker.java:154)
at org.testng.internal.invokers.TestMethodWorker.run(TestMethodWorker.java:134)
at java.base/java.util.ArrayList.forEach(ArrayList.java:1597)
at org.testng.TestRunner.privateRun(TestRunner.java:741)
at org.testng.TestRunner.run(TestRunner.java:616)
at org.testng.SuiteRunner.runTest(SuiteRunner.java:421)
at org.testng.SuiteRunner.runSequentially(SuiteRunner.java:413)
at org.testng.SuiteRunner.privateRun(SuiteRunner.java:373)
at org.testng.SuiteRunner.run(SuiteRunner.java:312)
at org.testng.SuiteRunnerWorker.runSuite(SuiteRunnerWorker.java:52)
at org.testng.SuiteRunnerWorker.run(SuiteRunnerWorker.java:95)
at org.testng.TestNG.runSuitesSequentially(TestNG.java:1274)
at org.testng.TestNG.runSuitesLocally(TestNG.java:1208)
at org.testng.TestNG.runSuites(TestNG.java:1112)
at org.testng.TestNG.run(TestNG.java:1079)
at org.apache.maven.surefire.testng.TestNGExecutor.run(TestNGExecutor.java:155)
at org.apache.maven.surefire.testng.TestNGDirectoryTestSuite.executeSingleClass(TestNGDirectoryTestSuite.java:102)
at org.apache.maven.surefire.testng.TestNGDirectoryTestSuite.execute(TestNGDirectoryTestSuite.java:91)
at org.apache.maven.surefire.testng.TestNGProvider.invoke(TestNGProvider.java:137)
at org.apache.maven.surefire.booter.ForkedBooter.runSuitesInProcess(ForkedBooter.java:385)
at org.apache.maven.surefire.booter.ForkedBooter.execute(ForkedBooter.java:162)
at org.apache.maven.surefire.booter.ForkedBooter.run(ForkedBooter.java:507)
at org.apache.maven.surefire.booter.ForkedBooter.main(ForkedBooter.java:495)
Caused by: com.microsoft.playwright.impl.DriverException: Error {
  message='value: expected string, got undefined
  name='Error
  stack='Error: value: expected string, got undefined
    at tString (/tmp/playwright-java-1917588472083001744/package/lib/protocol/validatorPrimitives.js:58:9)
    at /tmp/playwright-java-1917588472083001744/package/lib/protocol/validatorPrimitives.js:107:21
    at DispatcherConnection.dispatch (/tmp/playwright-java-1917588472083001744/package/lib/server/dispatchers/dispatcher.js:281:21)
    at transport.onmessage (/tmp/playwright-java-1917588472083001744/package/lib/cli/driver.js:52:57)
    at Immediate._onImmediate (/tmp/playwright-java-1917588472083001744/package/lib/protocol/transport.js:77:34)
    at process.processImmediate (node:internal/timers:478:21)
}
at com.microsoft.playwright.impl.Connection.dispatch(Connection.java:259)
at com.microsoft.playwright.impl.Connection.processOneMessage(Connection.java:211)
at com.microsoft.playwright.impl.ChannelOwner.runUntil(ChannelOwner.java:118)
... 46 more
]]>
            </full-stacktrace>
          </exception> <!-- com.microsoft.playwright.PlaywrightException -->
          <reporter-output>
          </reporter-output>
        </test-method> <!-- testValidLogin -->
        <test-method is-config="true" signature="tearDown()[pri:0, instance:Weaversweb.test.LoginTest@1a0dcaa]" started-at="2025-07-02T16:37:28 IST" name="tearDown" finished-at="2025-07-02T16:37:28 IST" duration-ms="208" status="PASS">
          <reporter-output>
          </reporter-output>
        </test-method> <!-- tearDown -->
      </class> <!-- Weaversweb.test.LoginTest -->
    </test> <!-- Surefire test -->
  </suite> <!-- Surefire suite -->
</testng-results>
